<?xml version="1.0" encoding="UTF-8"?>
<!-- Generated by org.testng.reporters.JUnitReportReporter -->
<testsuite hostname="XHUNTERX" failures="0" tests="2" name="SeleniumWebsiteTest.SeleniumTest.SampleTestNG" time="0.020" errors="0" timestamp="10 May 2019 20:09:56 GMT" skipped="0">
  <testcase classname="SeleniumWebsiteTest.SeleniumTest.SampleTestNG" name="a" time="0.011"/>
  <testcase classname="SeleniumWebsiteTest.SeleniumTest.SampleTestNG" name="b" time="0.009"/>
</testsuite> <!-- SeleniumWebsiteTest.SeleniumTest.SampleTestNG -->
